[debug] [2018-01-17T21:53:15.430Z] ----------------------------------------------------------------------
[debug] [2018-01-17T21:53:15.446Z] Command:       C:\Program Files\nodejs\node.exe C:\Users\ladell\AppData\Roaming\npm\node_modules\firebase-tools\bin\firebase deploy
[debug] [2018-01-17T21:53:15.446Z] CLI Version:   3.10.0
[debug] [2018-01-17T21:53:15.447Z] Platform:      win32
[debug] [2018-01-17T21:53:15.447Z] Node Version:  v6.11.3
[debug] [2018-01-17T21:53:15.449Z] Time:          Wed Jan 17 2018 18:53:15 GMT-0300 (Argentina Standard Time)
[debug] [2018-01-17T21:53:15.449Z] ----------------------------------------------------------------------
[debug] 
[debug] [2018-01-17T21:53:15.547Z] > command requires scopes: ["email","openid","https://www.googleapis.com/auth/cloudplatformprojects.readonly","https://www.googleapis.com/auth/firebase","https://www.googleapis.com/auth/cloud-platform"]
[debug] [2018-01-17T21:53:15.548Z] > authorizing via signed-in user
[debug] [2018-01-17T21:53:15.551Z] > refreshing access token with scopes: ["email","https://www.googleapis.com/auth/cloud-platform","https://www.googleapis.com/auth/cloudplatformprojects.readonly","https://www.googleapis.com/auth/firebase","openid"]
[debug] [2018-01-17T21:53:15.552Z] >>> HTTP REQUEST POST https://www.googleapis.com/oauth2/v3/token { refresh_token: '1/onPy4ZH-PhtlsaBcs4Cj1hQaY5OuHFzgLlBsq6geV0Y',
  client_id: '563584335869-fgrhgmd47bqnekij5i8b5pr03ho849e6.apps.googleusercontent.com',
  client_secret: 'j9iVZfS8kkCEFUPaAeJV0sAi',
  grant_type: 'refresh_token',
  scope: 'email https://www.googleapis.com/auth/cloud-platform https://www.googleapis.com/auth/cloudplatformprojects.readonly https://www.googleapis.com/auth/firebase openid' } 
 Wed Jan 17 2018 18:53:15 GMT-0300 (Argentina Standard Time)
[debug] [2018-01-17T21:53:15.935Z] <<< HTTP RESPONSE 200
[debug] [2018-01-17T21:53:15.985Z] >>> HTTP REQUEST GET https://admin.firebase.com/v1/projects/ksenia-14144  
 Wed Jan 17 2018 18:53:15 GMT-0300 (Argentina Standard Time)
[debug] [2018-01-17T21:53:17.100Z] <<< HTTP RESPONSE 200
[debug] [2018-01-17T21:53:17.102Z] >>> HTTP REQUEST GET https://admin.firebase.com/v1/database/ksenia-14144/tokens  
 Wed Jan 17 2018 18:53:17 GMT-0300 (Argentina Standard Time)
[debug] [2018-01-17T21:53:18.215Z] <<< HTTP RESPONSE 200
[info] 
[info] === Deploying to 'ksenia-14144'...
[info] 
[info] i  deploying hosting
[info] i  hosting: preparing dist directory for upload...
[debug] [2018-01-17T21:53:19.543Z] >>> HTTP REQUEST PUT https://deploy.firebase.com/v1/hosting/ksenia-14144/uploads/-L356Hkrky2JQI50ke6y?fileCount=21&message=  
 Wed Jan 17 2018 18:53:19 GMT-0300 (Argentina Standard Time)
[debug] [2018-01-17T21:53:23.023Z] <<< HTTP RESPONSE 200
[debug] [2018-01-17T21:53:23.023Z] [hosting] .tgz uploaded successfully, waiting for extraction
[info] +  hosting: 21 files uploaded successfully
[info] i  starting release process (may take several minutes)...
[debug] [2018-01-17T21:53:23.839Z] >>> HTTP REQUEST POST https://deploy.firebase.com/v1/projects/ksenia-14144/releases { hosting: 
   { public: 'dist',
     ignore: [ 'firebase.json', '**/.*', '**/node_modules/**' ],
     rewrites: [ [Object] ],
     version: '-L356Hkrky2JQI50ke6y',
     prefix: '-L356Hkrky2JQI50ke6y/',
     manifest: [] } } 
 Wed Jan 17 2018 18:53:23 GMT-0300 (Argentina Standard Time)
